-------------------------------------------------------------------------------
Test set: com.sqladaptor.protocol.RedisProtocolHandlerTest
-------------------------------------------------------------------------------
Tests run: 7, Failures: 0, Errors: 7, Skipped: 0, Time elapsed: 1.948 s <<< FAILURE! -- in com.sqladaptor.protocol.RedisProtocolHandlerTest
com.sqladaptor.protocol.RedisProtocolHandlerTest.testHandleGetCommandNotFound -- Time elapsed: 1.842 s <<< ERROR!
java.lang.NullPointerException: Cannot invoke "io.netty.channel.Channel.isActive()" because the return value of "io.netty.channel.ChannelHandlerContext.channel()" is null
	at com.sqladaptor.protocol.RedisProtocolHandler.channelRead(RedisProtocolHandler.java:62)
	at com.sqladaptor.protocol.RedisProtocolHandlerTest.testHandleGetCommandNotFound(RedisProtocolHandlerTest.java:87)
	at java.base/java.lang.reflect.Method.invoke(Method.java:580)
	at java.base/java.util.ArrayList.forEach(ArrayList.java:1596)
	at java.base/java.util.ArrayList.forEach(ArrayList.java:1596)

com.sqladaptor.protocol.RedisProtocolHandlerTest.testHandleGetCommand -- Time elapsed: 0.014 s <<< ERROR!
java.lang.NullPointerException: Cannot invoke "io.netty.channel.Channel.isActive()" because the return value of "io.netty.channel.ChannelHandlerContext.channel()" is null
	at com.sqladaptor.protocol.RedisProtocolHandler.channelRead(RedisProtocolHandler.java:62)
	at com.sqladaptor.protocol.RedisProtocolHandlerTest.testHandleGetCommand(RedisProtocolHandlerTest.java:73)
	at java.base/java.lang.reflect.Method.invoke(Method.java:580)
	at java.base/java.util.ArrayList.forEach(ArrayList.java:1596)
	at java.base/java.util.ArrayList.forEach(ArrayList.java:1596)

com.sqladaptor.protocol.RedisProtocolHandlerTest.testHandleErrorCommand -- Time elapsed: 0.011 s <<< ERROR!
java.lang.NullPointerException: Cannot invoke "io.netty.channel.Channel.isActive()" because the return value of "io.netty.channel.ChannelHandlerContext.channel()" is null
	at com.sqladaptor.protocol.RedisProtocolHandler.channelRead(RedisProtocolHandler.java:62)
	at com.sqladaptor.protocol.RedisProtocolHandlerTest.testHandleErrorCommand(RedisProtocolHandlerTest.java:134)
	at java.base/java.lang.reflect.Method.invoke(Method.java:580)
	at java.base/java.util.ArrayList.forEach(ArrayList.java:1596)
	at java.base/java.util.ArrayList.forEach(ArrayList.java:1596)

com.sqladaptor.protocol.RedisProtocolHandlerTest.testHandleSetCommand -- Time elapsed: 0.007 s <<< ERROR!
java.lang.NullPointerException: Cannot invoke "io.netty.channel.Channel.isActive()" because the return value of "io.netty.channel.ChannelHandlerContext.channel()" is null
	at com.sqladaptor.protocol.RedisProtocolHandler.channelRead(RedisProtocolHandler.java:62)
	at com.sqladaptor.protocol.RedisProtocolHandlerTest.testHandleSetCommand(RedisProtocolHandlerTest.java:59)
	at java.base/java.lang.reflect.Method.invoke(Method.java:580)
	at java.base/java.util.ArrayList.forEach(ArrayList.java:1596)
	at java.base/java.util.ArrayList.forEach(ArrayList.java:1596)

com.sqladaptor.protocol.RedisProtocolHandlerTest.testHandlePingCommand -- Time elapsed: 0.004 s <<< ERROR!
java.lang.NullPointerException: Cannot invoke "io.netty.channel.Channel.isActive()" because the return value of "io.netty.channel.ChannelHandlerContext.channel()" is null
	at com.sqladaptor.protocol.RedisProtocolHandler.channelRead(RedisProtocolHandler.java:62)
	at com.sqladaptor.protocol.RedisProtocolHandlerTest.testHandlePingCommand(RedisProtocolHandlerTest.java:46)
	at java.base/java.lang.reflect.Method.invoke(Method.java:580)
	at java.base/java.util.ArrayList.forEach(ArrayList.java:1596)
	at java.base/java.util.ArrayList.forEach(ArrayList.java:1596)

com.sqladaptor.protocol.RedisProtocolHandlerTest.testHandleHGetAllCommand -- Time elapsed: 0.007 s <<< ERROR!
java.lang.NullPointerException: Cannot invoke "io.netty.channel.Channel.isActive()" because the return value of "io.netty.channel.ChannelHandlerContext.channel()" is null
	at com.sqladaptor.protocol.RedisProtocolHandler.channelRead(RedisProtocolHandler.java:62)
	at com.sqladaptor.protocol.RedisProtocolHandlerTest.testHandleHGetAllCommand(RedisProtocolHandlerTest.java:120)
	at java.base/java.lang.reflect.Method.invoke(Method.java:580)
	at java.base/java.util.ArrayList.forEach(ArrayList.java:1596)
	at java.base/java.util.ArrayList.forEach(ArrayList.java:1596)

com.sqladaptor.protocol.RedisProtocolHandlerTest.testHandleHSetCommand -- Time elapsed: 0.005 s <<< ERROR!
java.lang.NullPointerException: Cannot invoke "io.netty.channel.Channel.isActive()" because the return value of "io.netty.channel.ChannelHandlerContext.channel()" is null
	at com.sqladaptor.protocol.RedisProtocolHandler.channelRead(RedisProtocolHandler.java:62)
	at com.sqladaptor.protocol.RedisProtocolHandlerTest.testHandleHSetCommand(RedisProtocolHandlerTest.java:101)
	at java.base/java.lang.reflect.Method.invoke(Method.java:580)
	at java.base/java.util.ArrayList.forEach(ArrayList.java:1596)
	at java.base/java.util.ArrayList.forEach(ArrayList.java:1596)

