<?xml version="1.0" encoding="UTF-8"?>
<testsuite xmlns:xsi="http://www.w3.org/2001/XMLSchema-instance" xsi:noNamespaceSchemaLocation="https://maven.apache.org/surefire/maven-surefire-plugin/xsd/surefire-test-report-3.0.xsd" version="3.0" name="com.sqladaptor.ast.RedisCommandNodeTest" time="0.082" tests="8" errors="0" skipped="0" failures="0">
  <properties>
[...]
</properties>
  <testcase name="testConstructorWithCommandAndArguments" classname="com.sqladaptor.ast.RedisCommandNodeTest" time="0.036"/>
  <testcase name="testDetermineCommandTypeHash" classname="com.sqladaptor.ast.RedisCommandNodeTest" time="0.001"/>
  <testcase name="testDetermineCommandTypeKey" classname="com.sqladaptor.ast.RedisCommandNodeTest" time="0.001"/>
  <testcase name="testDetermineCommandTypeUnknown" classname="com.sqladaptor.ast.RedisCommandNodeTest" time="0.0"/>
  <testcase name="testConstructorWithCommand" classname="com.sqladaptor.ast.RedisCommandNodeTest" time="0.004"/>
  <testcase name="testDetermineCommandTypeString" classname="com.sqladaptor.ast.RedisCommandNodeTest" time="0.001"/>
  <testcase name="testCaseInsensitiveCommand" classname="com.sqladaptor.ast.RedisCommandNodeTest" time="0.001"/>
  <testcase name="testDetermineCommandTypeConnection" classname="com.sqladaptor.ast.RedisCommandNodeTest" time="0.0"/>
</testsuite>