<?xml version="1.0" encoding="UTF-8"?>
<testsuite xmlns:xsi="http://www.w3.org/2001/XMLSchema-instance" xsi:noNamespaceSchemaLocation="https://maven.apache.org/surefire/maven-surefire-plugin/xsd/surefire-test-report-3.0.xsd" version="3.0" name="com.sqladaptor.grammar.RedisGrammarTest" time="0.127" tests="12" errors="0" skipped="0" failures="11">
  <properties>
    <property name="java.specification.version" value="21"/>
    <property name="sun.cpu.isalist" value="amd64"/>
    <property name="sun.jnu.encoding" value="GBK"/>
    <property name="java.class.path" value="D:\codes\sql-adptor-lite\target\test-classes;D:\codes\sql-adptor-lite\target\classes;d:\codes\maven\io\netty\netty-all\4.1.100.Final\netty-all-4.1.100.Final.jar;d:\codes\maven\io\netty\netty-buffer\4.1.100.Final\netty-buffer-4.1.100.Final.jar;d:\codes\maven\io\netty\netty-codec\4.1.100.Final\netty-codec-4.1.100.Final.jar;d:\codes\maven\io\netty\netty-codec-dns\4.1.100.Final\netty-codec-dns-4.1.100.Final.jar;d:\codes\maven\io\netty\netty-codec-haproxy\4.1.100.Final\netty-codec-haproxy-4.1.100.Final.jar;d:\codes\maven\io\netty\netty-codec-http\4.1.100.Final\netty-codec-http-4.1.100.Final.jar;d:\codes\maven\io\netty\netty-codec-http2\4.1.100.Final\netty-codec-http2-4.1.100.Final.jar;d:\codes\maven\io\netty\netty-codec-memcache\4.1.100.Final\netty-codec-memcache-4.1.100.Final.jar;d:\codes\maven\io\netty\netty-codec-mqtt\4.1.100.Final\netty-codec-mqtt-4.1.100.Final.jar;d:\codes\maven\io\netty\netty-codec-redis\4.1.100.Final\netty-codec-redis-4.1.100.Final.jar;d:\codes\maven\io\netty\netty-codec-smtp\4.1.100.Final\netty-codec-smtp-4.1.100.Final.jar;d:\codes\maven\io\netty\netty-codec-socks\4.1.100.Final\netty-codec-socks-4.1.100.Final.jar;d:\codes\maven\io\netty\netty-codec-stomp\4.1.100.Final\netty-codec-stomp-4.1.100.Final.jar;d:\codes\maven\io\netty\netty-codec-xml\4.1.100.Final\netty-codec-xml-4.1.100.Final.jar;d:\codes\maven\io\netty\netty-common\4.1.100.Final\netty-common-4.1.100.Final.jar;d:\codes\maven\io\netty\netty-handler\4.1.100.Final\netty-handler-4.1.100.Final.jar;d:\codes\maven\io\netty\netty-transport-native-unix-common\4.1.100.Final\netty-transport-native-unix-common-4.1.100.Final.jar;d:\codes\maven\io\netty\netty-handler-proxy\4.1.100.Final\netty-handler-proxy-4.1.100.Final.jar;d:\codes\maven\io\netty\netty-handler-ssl-ocsp\4.1.100.Final\netty-handler-ssl-ocsp-4.1.100.Final.jar;d:\codes\maven\io\netty\netty-resolver\4.1.100.Final\netty-resolver-4.1.100.Final.jar;d:\codes\maven\io\netty\netty-resolver-dns\4.1.100.Final\netty-resolver-dns-4.1.100.Final.jar;d:\codes\maven\io\netty\netty-transport\4.1.100.Final\netty-transport-4.1.100.Final.jar;d:\codes\maven\io\netty\netty-transport-rxtx\4.1.100.Final\netty-transport-rxtx-4.1.100.Final.jar;d:\codes\maven\io\netty\netty-transport-sctp\4.1.100.Final\netty-transport-sctp-4.1.100.Final.jar;d:\codes\maven\io\netty\netty-transport-udt\4.1.100.Final\netty-transport-udt-4.1.100.Final.jar;d:\codes\maven\io\netty\netty-transport-classes-epoll\4.1.100.Final\netty-transport-classes-epoll-4.1.100.Final.jar;d:\codes\maven\io\netty\netty-transport-classes-kqueue\4.1.100.Final\netty-transport-classes-kqueue-4.1.100.Final.jar;d:\codes\maven\io\netty\netty-resolver-dns-classes-macos\4.1.100.Final\netty-resolver-dns-classes-macos-4.1.100.Final.jar;d:\codes\maven\io\netty\netty-transport-native-epoll\4.1.100.Final\netty-transport-native-epoll-4.1.100.Final-linux-x86_64.jar;d:\codes\maven\io\netty\netty-transport-native-epoll\4.1.100.Final\netty-transport-native-epoll-4.1.100.Final-linux-aarch_64.jar;d:\codes\maven\io\netty\netty-transport-native-kqueue\4.1.100.Final\netty-transport-native-kqueue-4.1.100.Final-osx-x86_64.jar;d:\codes\maven\io\netty\netty-transport-native-kqueue\4.1.100.Final\netty-transport-native-kqueue-4.1.100.Final-osx-aarch_64.jar;d:\codes\maven\io\netty\netty-resolver-dns-native-macos\4.1.100.Final\netty-resolver-dns-native-macos-4.1.100.Final-osx-x86_64.jar;d:\codes\maven\io\netty\netty-resolver-dns-native-macos\4.1.100.Final\netty-resolver-dns-native-macos-4.1.100.Final-osx-aarch_64.jar;d:\codes\maven\org\xerial\sqlite-jdbc\3.43.0.0\sqlite-jdbc-3.43.0.0.jar;d:\codes\maven\org\slf4j\slf4j-api\2.0.9\slf4j-api-2.0.9.jar;d:\codes\maven\ch\qos\logback\logback-classic\1.4.11\logback-classic-1.4.11.jar;d:\codes\maven\ch\qos\logback\logback-core\1.4.11\logback-core-1.4.11.jar;d:\codes\maven\com\fasterxml\jackson\core\jackson-databind\2.15.2\jackson-databind-2.15.2.jar;d:\codes\maven\com\fasterxml\jackson\core\jackson-annotations\2.15.2\jackson-annotations-2.15.2.jar;d:\codes\maven\com\fasterxml\jackson\core\jackson-core\2.15.2\jackson-core-2.15.2.jar;d:\codes\maven\org\antlr\antlr4-runtime\4.13.1\antlr4-runtime-4.13.1.jar;d:\codes\maven\junit\junit\4.13.2\junit-4.13.2.jar;d:\codes\maven\org\hamcrest\hamcrest-core\1.3\hamcrest-core-1.3.jar;d:\codes\maven\org\junit\jupiter\junit-jupiter-engine\5.10.0\junit-jupiter-engine-5.10.0.jar;d:\codes\maven\org\junit\platform\junit-platform-engine\1.10.0\junit-platform-engine-1.10.0.jar;d:\codes\maven\org\apiguardian\apiguardian-api\1.1.2\apiguardian-api-1.1.2.jar;d:\codes\maven\org\junit\jupiter\junit-jupiter-api\5.10.0\junit-jupiter-api-5.10.0.jar;d:\codes\maven\org\opentest4j\opentest4j\1.3.0\opentest4j-1.3.0.jar;d:\codes\maven\org\junit\platform\junit-platform-commons\1.10.0\junit-platform-commons-1.10.0.jar;d:\codes\maven\org\junit\jupiter\junit-jupiter-params\5.10.0\junit-jupiter-params-5.10.0.jar;d:\codes\maven\org\mockito\mockito-core\5.5.0\mockito-core-5.5.0.jar;d:\codes\maven\net\bytebuddy\byte-buddy\1.14.6\byte-buddy-1.14.6.jar;d:\codes\maven\net\bytebuddy\byte-buddy-agent\1.14.6\byte-buddy-agent-1.14.6.jar;d:\codes\maven\org\objenesis\objenesis\3.3\objenesis-3.3.jar;d:\codes\maven\org\mockito\mockito-junit-jupiter\5.5.0\mockito-junit-jupiter-5.5.0.jar;d:\codes\maven\redis\clients\jedis\5.1.0\jedis-5.1.0.jar;d:\codes\maven\org\apache\commons\commons-pool2\2.12.0\commons-pool2-2.12.0.jar;d:\codes\maven\org\json\json\20231013\json-20231013.jar;d:\codes\maven\com\google\code\gson\gson\2.10.1\gson-2.10.1.jar;"/>
    <property name="java.vm.vendor" value="Eclipse Adoptium"/>
    <property name="sun.arch.data.model" value="64"/>
    <property name="user.variant" value=""/>
    <property name="java.vendor.url" value="https://adoptium.net/"/>
    <property name="user.timezone" value="Asia/Shanghai"/>
    <property name="os.name" value="Windows 11"/>
    <property name="java.vm.specification.version" value="21"/>
    <property name="sun.java.launcher" value="SUN_STANDARD"/>
    <property name="user.country" value="CN"/>
    <property name="sun.boot.library.path" value="C:\Program Files\Eclipse Adoptium\jdk-21.0.6.7-hotspot\bin"/>
    <property name="sun.java.command" value="C:\Users\xuboc\AppData\Local\Temp\surefire3115873326520022138\surefirebooter-20250730110244699_21.jar C:\Users\xuboc\AppData\Local\Temp\surefire3115873326520022138 2025-07-30T11-02-44_217-jvmRun1 surefire-20250730110244699_19tmp surefire_4-20250730110244699_20tmp"/>
    <property name="jdk.debug" value="release"/>
    <property name="surefire.test.class.path" value="D:\codes\sql-adptor-lite\target\test-classes;D:\codes\sql-adptor-lite\target\classes;d:\codes\maven\io\netty\netty-all\4.1.100.Final\netty-all-4.1.100.Final.jar;d:\codes\maven\io\netty\netty-buffer\4.1.100.Final\netty-buffer-4.1.100.Final.jar;d:\codes\maven\io\netty\netty-codec\4.1.100.Final\netty-codec-4.1.100.Final.jar;d:\codes\maven\io\netty\netty-codec-dns\4.1.100.Final\netty-codec-dns-4.1.100.Final.jar;d:\codes\maven\io\netty\netty-codec-haproxy\4.1.100.Final\netty-codec-haproxy-4.1.100.Final.jar;d:\codes\maven\io\netty\netty-codec-http\4.1.100.Final\netty-codec-http-4.1.100.Final.jar;d:\codes\maven\io\netty\netty-codec-http2\4.1.100.Final\netty-codec-http2-4.1.100.Final.jar;d:\codes\maven\io\netty\netty-codec-memcache\4.1.100.Final\netty-codec-memcache-4.1.100.Final.jar;d:\codes\maven\io\netty\netty-codec-mqtt\4.1.100.Final\netty-codec-mqtt-4.1.100.Final.jar;d:\codes\maven\io\netty\netty-codec-redis\4.1.100.Final\netty-codec-redis-4.1.100.Final.jar;d:\codes\maven\io\netty\netty-codec-smtp\4.1.100.Final\netty-codec-smtp-4.1.100.Final.jar;d:\codes\maven\io\netty\netty-codec-socks\4.1.100.Final\netty-codec-socks-4.1.100.Final.jar;d:\codes\maven\io\netty\netty-codec-stomp\4.1.100.Final\netty-codec-stomp-4.1.100.Final.jar;d:\codes\maven\io\netty\netty-codec-xml\4.1.100.Final\netty-codec-xml-4.1.100.Final.jar;d:\codes\maven\io\netty\netty-common\4.1.100.Final\netty-common-4.1.100.Final.jar;d:\codes\maven\io\netty\netty-handler\4.1.100.Final\netty-handler-4.1.100.Final.jar;d:\codes\maven\io\netty\netty-transport-native-unix-common\4.1.100.Final\netty-transport-native-unix-common-4.1.100.Final.jar;d:\codes\maven\io\netty\netty-handler-proxy\4.1.100.Final\netty-handler-proxy-4.1.100.Final.jar;d:\codes\maven\io\netty\netty-handler-ssl-ocsp\4.1.100.Final\netty-handler-ssl-ocsp-4.1.100.Final.jar;d:\codes\maven\io\netty\netty-resolver\4.1.100.Final\netty-resolver-4.1.100.Final.jar;d:\codes\maven\io\netty\netty-resolver-dns\4.1.100.Final\netty-resolver-dns-4.1.100.Final.jar;d:\codes\maven\io\netty\netty-transport\4.1.100.Final\netty-transport-4.1.100.Final.jar;d:\codes\maven\io\netty\netty-transport-rxtx\4.1.100.Final\netty-transport-rxtx-4.1.100.Final.jar;d:\codes\maven\io\netty\netty-transport-sctp\4.1.100.Final\netty-transport-sctp-4.1.100.Final.jar;d:\codes\maven\io\netty\netty-transport-udt\4.1.100.Final\netty-transport-udt-4.1.100.Final.jar;d:\codes\maven\io\netty\netty-transport-classes-epoll\4.1.100.Final\netty-transport-classes-epoll-4.1.100.Final.jar;d:\codes\maven\io\netty\netty-transport-classes-kqueue\4.1.100.Final\netty-transport-classes-kqueue-4.1.100.Final.jar;d:\codes\maven\io\netty\netty-resolver-dns-classes-macos\4.1.100.Final\netty-resolver-dns-classes-macos-4.1.100.Final.jar;d:\codes\maven\io\netty\netty-transport-native-epoll\4.1.100.Final\netty-transport-native-epoll-4.1.100.Final-linux-x86_64.jar;d:\codes\maven\io\netty\netty-transport-native-epoll\4.1.100.Final\netty-transport-native-epoll-4.1.100.Final-linux-aarch_64.jar;d:\codes\maven\io\netty\netty-transport-native-kqueue\4.1.100.Final\netty-transport-native-kqueue-4.1.100.Final-osx-x86_64.jar;d:\codes\maven\io\netty\netty-transport-native-kqueue\4.1.100.Final\netty-transport-native-kqueue-4.1.100.Final-osx-aarch_64.jar;d:\codes\maven\io\netty\netty-resolver-dns-native-macos\4.1.100.Final\netty-resolver-dns-native-macos-4.1.100.Final-osx-x86_64.jar;d:\codes\maven\io\netty\netty-resolver-dns-native-macos\4.1.100.Final\netty-resolver-dns-native-macos-4.1.100.Final-osx-aarch_64.jar;d:\codes\maven\org\xerial\sqlite-jdbc\3.43.0.0\sqlite-jdbc-3.43.0.0.jar;d:\codes\maven\org\slf4j\slf4j-api\2.0.9\slf4j-api-2.0.9.jar;d:\codes\maven\ch\qos\logback\logback-classic\1.4.11\logback-classic-1.4.11.jar;d:\codes\maven\ch\qos\logback\logback-core\1.4.11\logback-core-1.4.11.jar;d:\codes\maven\com\fasterxml\jackson\core\jackson-databind\2.15.2\jackson-databind-2.15.2.jar;d:\codes\maven\com\fasterxml\jackson\core\jackson-annotations\2.15.2\jackson-annotations-2.15.2.jar;d:\codes\maven\com\fasterxml\jackson\core\jackson-core\2.15.2\jackson-core-2.15.2.jar;d:\codes\maven\org\antlr\antlr4-runtime\4.13.1\antlr4-runtime-4.13.1.jar;d:\codes\maven\junit\junit\4.13.2\junit-4.13.2.jar;d:\codes\maven\org\hamcrest\hamcrest-core\1.3\hamcrest-core-1.3.jar;d:\codes\maven\org\junit\jupiter\junit-jupiter-engine\5.10.0\junit-jupiter-engine-5.10.0.jar;d:\codes\maven\org\junit\platform\junit-platform-engine\1.10.0\junit-platform-engine-1.10.0.jar;d:\codes\maven\org\apiguardian\apiguardian-api\1.1.2\apiguardian-api-1.1.2.jar;d:\codes\maven\org\junit\jupiter\junit-jupiter-api\5.10.0\junit-jupiter-api-5.10.0.jar;d:\codes\maven\org\opentest4j\opentest4j\1.3.0\opentest4j-1.3.0.jar;d:\codes\maven\org\junit\platform\junit-platform-commons\1.10.0\junit-platform-commons-1.10.0.jar;d:\codes\maven\org\junit\jupiter\junit-jupiter-params\5.10.0\junit-jupiter-params-5.10.0.jar;d:\codes\maven\org\mockito\mockito-core\5.5.0\mockito-core-5.5.0.jar;d:\codes\maven\net\bytebuddy\byte-buddy\1.14.6\byte-buddy-1.14.6.jar;d:\codes\maven\net\bytebuddy\byte-buddy-agent\1.14.6\byte-buddy-agent-1.14.6.jar;d:\codes\maven\org\objenesis\objenesis\3.3\objenesis-3.3.jar;d:\codes\maven\org\mockito\mockito-junit-jupiter\5.5.0\mockito-junit-jupiter-5.5.0.jar;d:\codes\maven\redis\clients\jedis\5.1.0\jedis-5.1.0.jar;d:\codes\maven\org\apache\commons\commons-pool2\2.12.0\commons-pool2-2.12.0.jar;d:\codes\maven\org\json\json\20231013\json-20231013.jar;d:\codes\maven\com\google\code\gson\gson\2.10.1\gson-2.10.1.jar;"/>
    <property name="sun.cpu.endian" value="little"/>
    <property name="user.home" value="C:\Users\xuboc"/>
    <property name="user.language" value="zh"/>
    <property name="java.specification.vendor" value="Oracle Corporation"/>
    <property name="java.version.date" value="2025-01-21"/>
    <property name="java.home" value="C:\Program Files\Eclipse Adoptium\jdk-21.0.6.7-hotspot"/>
    <property name="junit.jupiter.execution.parallel.mode.default" value="same_thread"/>
    <property name="file.separator" value="\"/>
    <property name="basedir" value="D:\codes\sql-adptor-lite"/>
    <property name="java.vm.compressedOopsMode" value="Zero based"/>
    <property name="line.separator" value="&#10;"/>
    <property name="java.vm.specification.vendor" value="Oracle Corporation"/>
    <property name="java.specification.name" value="Java Platform API Specification"/>
    <property name="surefire.real.class.path" value="C:\Users\xuboc\AppData\Local\Temp\surefire3115873326520022138\surefirebooter-20250730110244699_21.jar"/>
    <property name="user.script" value=""/>
    <property name="sun.management.compiler" value="HotSpot 64-Bit Tiered Compilers"/>
    <property name="java.runtime.version" value="21.0.6+7-LTS"/>
    <property name="user.name" value="xuboc"/>
    <property name="stdout.encoding" value="GBK"/>
    <property name="path.separator" value=";"/>
    <property name="os.version" value="10.0"/>
    <property name="java.runtime.name" value="OpenJDK Runtime Environment"/>
    <property name="file.encoding" value="UTF-8"/>
    <property name="junit.jupiter.execution.parallel.mode.classes.default" value="same_thread"/>
    <property name="java.vm.name" value="OpenJDK 64-Bit Server VM"/>
    <property name="java.vendor.version" value="Temurin-21.0.6+7"/>
    <property name="junit.jupiter.execution.parallel.enabled" value="false"/>
    <property name="localRepository" value="d:\codes\maven"/>
    <property name="java.vendor.url.bug" value="https://github.com/adoptium/adoptium-support/issues"/>
    <property name="java.io.tmpdir" value="C:\Users\xuboc\AppData\Local\Temp\"/>
    <property name="java.version" value="21.0.6"/>
    <property name="user.dir" value="D:\codes\sql-adptor-lite"/>
    <property name="os.arch" value="amd64"/>
    <property name="java.vm.specification.name" value="Java Virtual Machine Specification"/>
    <property name="sun.os.patch.level" value=""/>
    <property name="native.encoding" value="GBK"/>
    <property name="java.library.path" value="C:\Program Files\Eclipse Adoptium\jdk-21.0.6.7-hotspot\bin;C:\WINDOWS\Sun\Java\bin;C:\WINDOWS\system32;C:\WINDOWS;C:\Users\xuboc\scoop\apps\python\3.13.2;C:\Users\xuboc\scoop\persist\python\scripts;C:\Users\xuboc\bin;D:\Program Files\Git\mingw64\bin;D:\Program Files\Git\usr\local\bin;D:\Program Files\Git\usr\bin;D:\Program Files\Git\usr\bin;D:\Program Files\Git\mingw64\bin;D:\Program Files\Git\usr\bin;C:\Users\xuboc\bin;C:\Program Files\Eclipse Adoptium\jdk-21.0.6.7-hotspot\bin;C:\Python313\Scripts;C:\Python313;C:\Windows\System32\HWAudioDriver;C:\Windows\system32;C:\Windows;C:\Windows\System32\Wbem;C:\Windows\System32\WindowsPowerShell\v1.0;C:\Windows\System32\OpenSSH;C:\Users\Administrator\AppData\Local\Microsoft\WindowsApps;D:\Program Files\Git\cmd;D:\Program Files\PuTTY;C:\ProgramData\chocolatey\bin;D:\Program Files\Tailscale;C:\Program Files\Tailscale;D:\Program Files\Go\bin;D:\Program Files\nodejs;C:\ProgramData\chocolatey\lib\maven\apache-maven-3.9.10\bin;C:\WINDOWS\system32;C:\WINDOWS;C:\WINDOWS\System32\Wbem;C:\WINDOWS\System32\WindowsPowerShell\v1.0;C:\WINDOWS\System32\OpenSSH;D:\Users\xuboc\AppData\Local\Programs\Trae\bin;C:\Program Files\Eclipse Adoptium\jdk-21.0.6.7-hotspot\bin;C:\Python313\Scripts;C:\Python313;C:\Windows\System32\HWAudioDriver;C:\Windows\system32;C:\Windows;C:\Windows\System32\Wbem;C:\Windows\System32\WindowsPowerShell\v1.0;C:\Windows\System32\OpenSSH;C:\Users\Administrator\AppData\Local\Microsoft\WindowsApps;D:\Program Files\Git\cmd;D:\Program Files\PuTTY;C:\ProgramData\chocolatey\bin;D:\Program Files\Tailscale;C:\Program Files\Tailscale;D:\Program Files\Go\bin;D:\Program Files\nodejs;C:\ProgramData\chocolatey\lib\maven\apache-maven-3.9.10\bin;D:\Users\xuboc\AppData\Local\Programs\cursor\resources\app\bin;C:\Users\xuboc\AppData\Roaming\npm;C:\Users\xuboc\AppData\Local\Pandoc;C:\Users\xuboc\AppData\Roaming\TinyTeX\bin\windows;C:\Users\xuboc\AppData\Local\Microsoft\WindowsApps;%IntelliJ IDEA%;C:\Users\xuboc\.jetbrains\kubectl;D:\Program Files\Git\usr\bin\vendor_perl;D:\Program Files\Git\usr\bin\core_perl;."/>
    <property name="java.vm.info" value="mixed mode, sharing"/>
    <property name="stderr.encoding" value="GBK"/>
    <property name="java.vendor" value="Eclipse Adoptium"/>
    <property name="java.vm.version" value="21.0.6+7-LTS"/>
    <property name="sun.io.unicode.encoding" value="UnicodeLittle"/>
    <property name="java.class.version" value="65.0"/>
  </properties>
  <testcase name="testQuotedStrings" classname="com.sqladaptor.grammar.RedisGrammarTest" time="0.077">
    <failure message="expected: &lt;2&gt; but was: &lt;0&gt;" type="org.opentest4j.AssertionFailedError"><![CDATA[org.opentest4j.AssertionFailedError: expected: <2> but was: <0>
	at org.junit.jupiter.api.AssertionFailureBuilder.build(AssertionFailureBuilder.java:151)
	at org.junit.jupiter.api.AssertionFailureBuilder.buildAndThrow(AssertionFailureBuilder.java:132)
	at org.junit.jupiter.api.AssertEquals.failNotEqual(AssertEquals.java:197)
	at org.junit.jupiter.api.AssertEquals.assertEquals(AssertEquals.java:150)
	at org.junit.jupiter.api.AssertEquals.assertEquals(AssertEquals.java:145)
	at org.junit.jupiter.api.Assertions.assertEquals(Assertions.java:527)
	at com.sqladaptor.grammar.RedisGrammarTest.testCommand(RedisGrammarTest.java:152)
	at com.sqladaptor.grammar.RedisGrammarTest.testQuotedStrings(RedisGrammarTest.java:126)
	at java.base/java.lang.reflect.Method.invoke(Method.java:580)
	at java.base/java.util.ArrayList.forEach(ArrayList.java:1596)
	at java.base/java.util.ArrayList.forEach(ArrayList.java:1596)
]]></failure>
  </testcase>
  <testcase name="testConnectionCommands" classname="com.sqladaptor.grammar.RedisGrammarTest" time="0.002">
    <failure message="expected: &lt;1&gt; but was: &lt;0&gt;" type="org.opentest4j.AssertionFailedError"><![CDATA[org.opentest4j.AssertionFailedError: expected: <1> but was: <0>
	at org.junit.jupiter.api.AssertionFailureBuilder.build(AssertionFailureBuilder.java:151)
	at org.junit.jupiter.api.AssertionFailureBuilder.buildAndThrow(AssertionFailureBuilder.java:132)
	at org.junit.jupiter.api.AssertEquals.failNotEqual(AssertEquals.java:197)
	at org.junit.jupiter.api.AssertEquals.assertEquals(AssertEquals.java:150)
	at org.junit.jupiter.api.AssertEquals.assertEquals(AssertEquals.java:145)
	at org.junit.jupiter.api.Assertions.assertEquals(Assertions.java:527)
	at com.sqladaptor.grammar.RedisGrammarTest.testCommand(RedisGrammarTest.java:152)
	at com.sqladaptor.grammar.RedisGrammarTest.testConnectionCommands(RedisGrammarTest.java:97)
	at java.base/java.lang.reflect.Method.invoke(Method.java:580)
	at java.base/java.util.ArrayList.forEach(ArrayList.java:1596)
	at java.base/java.util.ArrayList.forEach(ArrayList.java:1596)
]]></failure>
  </testcase>
  <testcase name="testServerCommands" classname="com.sqladaptor.grammar.RedisGrammarTest" time="0.0">
    <failure message="expected: &lt;1&gt; but was: &lt;0&gt;" type="org.opentest4j.AssertionFailedError"><![CDATA[org.opentest4j.AssertionFailedError: expected: <1> but was: <0>
	at org.junit.jupiter.api.AssertionFailureBuilder.build(AssertionFailureBuilder.java:151)
	at org.junit.jupiter.api.AssertionFailureBuilder.buildAndThrow(AssertionFailureBuilder.java:132)
	at org.junit.jupiter.api.AssertEquals.failNotEqual(AssertEquals.java:197)
	at org.junit.jupiter.api.AssertEquals.assertEquals(AssertEquals.java:150)
	at org.junit.jupiter.api.AssertEquals.assertEquals(AssertEquals.java:145)
	at org.junit.jupiter.api.Assertions.assertEquals(Assertions.java:527)
	at com.sqladaptor.grammar.RedisGrammarTest.testCommand(RedisGrammarTest.java:152)
	at com.sqladaptor.grammar.RedisGrammarTest.testServerCommands(RedisGrammarTest.java:107)
	at java.base/java.lang.reflect.Method.invoke(Method.java:580)
	at java.base/java.util.ArrayList.forEach(ArrayList.java:1596)
	at java.base/java.util.ArrayList.forEach(ArrayList.java:1596)
]]></failure>
  </testcase>
  <testcase name="testHashCommands" classname="com.sqladaptor.grammar.RedisGrammarTest" time="0.0">
    <failure message="expected: &lt;2&gt; but was: &lt;0&gt;" type="org.opentest4j.AssertionFailedError"><![CDATA[org.opentest4j.AssertionFailedError: expected: <2> but was: <0>
	at org.junit.jupiter.api.AssertionFailureBuilder.build(AssertionFailureBuilder.java:151)
	at org.junit.jupiter.api.AssertionFailureBuilder.buildAndThrow(AssertionFailureBuilder.java:132)
	at org.junit.jupiter.api.AssertEquals.failNotEqual(AssertEquals.java:197)
	at org.junit.jupiter.api.AssertEquals.assertEquals(AssertEquals.java:150)
	at org.junit.jupiter.api.AssertEquals.assertEquals(AssertEquals.java:145)
	at org.junit.jupiter.api.Assertions.assertEquals(Assertions.java:527)
	at com.sqladaptor.grammar.RedisGrammarTest.testCommand(RedisGrammarTest.java:152)
	at com.sqladaptor.grammar.RedisGrammarTest.testHashCommands(RedisGrammarTest.java:45)
	at java.base/java.lang.reflect.Method.invoke(Method.java:580)
	at java.base/java.util.ArrayList.forEach(ArrayList.java:1596)
	at java.base/java.util.ArrayList.forEach(ArrayList.java:1596)
]]></failure>
  </testcase>
  <testcase name="testSortedSetCommands" classname="com.sqladaptor.grammar.RedisGrammarTest" time="0.0">
    <failure message="expected: &lt;5&gt; but was: &lt;0&gt;" type="org.opentest4j.AssertionFailedError"><![CDATA[org.opentest4j.AssertionFailedError: expected: <5> but was: <0>
	at org.junit.jupiter.api.AssertionFailureBuilder.build(AssertionFailureBuilder.java:151)
	at org.junit.jupiter.api.AssertionFailureBuilder.buildAndThrow(AssertionFailureBuilder.java:132)
	at org.junit.jupiter.api.AssertEquals.failNotEqual(AssertEquals.java:197)
	at org.junit.jupiter.api.AssertEquals.assertEquals(AssertEquals.java:150)
	at org.junit.jupiter.api.AssertEquals.assertEquals(AssertEquals.java:145)
	at org.junit.jupiter.api.Assertions.assertEquals(Assertions.java:527)
	at com.sqladaptor.grammar.RedisGrammarTest.testCommand(RedisGrammarTest.java:152)
	at com.sqladaptor.grammar.RedisGrammarTest.testSortedSetCommands(RedisGrammarTest.java:74)
	at java.base/java.lang.reflect.Method.invoke(Method.java:580)
	at java.base/java.util.ArrayList.forEach(ArrayList.java:1596)
	at java.base/java.util.ArrayList.forEach(ArrayList.java:1596)
]]></failure>
  </testcase>
  <testcase name="testNumberArguments" classname="com.sqladaptor.grammar.RedisGrammarTest" time="0.015">
    <failure message="expected: &lt;2&gt; but was: &lt;0&gt;" type="org.opentest4j.AssertionFailedError"><![CDATA[org.opentest4j.AssertionFailedError: expected: <2> but was: <0>
	at org.junit.jupiter.api.AssertionFailureBuilder.build(AssertionFailureBuilder.java:151)
	at org.junit.jupiter.api.AssertionFailureBuilder.buildAndThrow(AssertionFailureBuilder.java:132)
	at org.junit.jupiter.api.AssertEquals.failNotEqual(AssertEquals.java:197)
	at org.junit.jupiter.api.AssertEquals.assertEquals(AssertEquals.java:150)
	at org.junit.jupiter.api.AssertEquals.assertEquals(AssertEquals.java:145)
	at org.junit.jupiter.api.Assertions.assertEquals(Assertions.java:527)
	at com.sqladaptor.grammar.RedisGrammarTest.testCommand(RedisGrammarTest.java:152)
	at com.sqladaptor.grammar.RedisGrammarTest.testNumberArguments(RedisGrammarTest.java:133)
	at java.base/java.lang.reflect.Method.invoke(Method.java:580)
	at java.base/java.util.ArrayList.forEach(ArrayList.java:1596)
	at java.base/java.util.ArrayList.forEach(ArrayList.java:1596)
]]></failure>
  </testcase>
  <testcase name="testCaseInsensitivity" classname="com.sqladaptor.grammar.RedisGrammarTest" time="0.0">
    <failure message="expected: &lt;get&gt; but was: &lt;GET&gt;" type="org.opentest4j.AssertionFailedError"><![CDATA[org.opentest4j.AssertionFailedError: expected: <get> but was: <GET>
	at org.junit.jupiter.api.AssertionFailureBuilder.build(AssertionFailureBuilder.java:151)
	at org.junit.jupiter.api.AssertionFailureBuilder.buildAndThrow(AssertionFailureBuilder.java:132)
	at org.junit.jupiter.api.AssertEquals.failNotEqual(AssertEquals.java:197)
	at org.junit.jupiter.api.AssertEquals.assertEquals(AssertEquals.java:182)
	at org.junit.jupiter.api.AssertEquals.assertEquals(AssertEquals.java:177)
	at org.junit.jupiter.api.Assertions.assertEquals(Assertions.java:1141)
	at com.sqladaptor.grammar.RedisGrammarTest.testCommand(RedisGrammarTest.java:151)
	at com.sqladaptor.grammar.RedisGrammarTest.testCaseInsensitivity(RedisGrammarTest.java:117)
	at java.base/java.lang.reflect.Method.invoke(Method.java:580)
	at java.base/java.util.ArrayList.forEach(ArrayList.java:1596)
	at java.base/java.util.ArrayList.forEach(ArrayList.java:1596)
]]></failure>
  </testcase>
  <testcase name="testRespArrayFormat" classname="com.sqladaptor.grammar.RedisGrammarTest" time="0.0"/>
  <testcase name="testSetCommands" classname="com.sqladaptor.grammar.RedisGrammarTest" time="0.0">
    <failure message="expected: &lt;3&gt; but was: &lt;0&gt;" type="org.opentest4j.AssertionFailedError"><![CDATA[org.opentest4j.AssertionFailedError: expected: <3> but was: <0>
	at org.junit.jupiter.api.AssertionFailureBuilder.build(AssertionFailureBuilder.java:151)
	at org.junit.jupiter.api.AssertionFailureBuilder.buildAndThrow(AssertionFailureBuilder.java:132)
	at org.junit.jupiter.api.AssertEquals.failNotEqual(AssertEquals.java:197)
	at org.junit.jupiter.api.AssertEquals.assertEquals(AssertEquals.java:150)
	at org.junit.jupiter.api.AssertEquals.assertEquals(AssertEquals.java:145)
	at org.junit.jupiter.api.Assertions.assertEquals(Assertions.java:527)
	at com.sqladaptor.grammar.RedisGrammarTest.testCommand(RedisGrammarTest.java:152)
	at com.sqladaptor.grammar.RedisGrammarTest.testSetCommands(RedisGrammarTest.java:65)
	at java.base/java.lang.reflect.Method.invoke(Method.java:580)
	at java.base/java.util.ArrayList.forEach(ArrayList.java:1596)
	at java.base/java.util.ArrayList.forEach(ArrayList.java:1596)
]]></failure>
  </testcase>
  <testcase name="testStringCommands" classname="com.sqladaptor.grammar.RedisGrammarTest" time="0.0">
    <failure message="expected: &lt;1&gt; but was: &lt;0&gt;" type="org.opentest4j.AssertionFailedError"><![CDATA[org.opentest4j.AssertionFailedError: expected: <1> but was: <0>
	at org.junit.jupiter.api.AssertionFailureBuilder.build(AssertionFailureBuilder.java:151)
	at org.junit.jupiter.api.AssertionFailureBuilder.buildAndThrow(AssertionFailureBuilder.java:132)
	at org.junit.jupiter.api.AssertEquals.failNotEqual(AssertEquals.java:197)
	at org.junit.jupiter.api.AssertEquals.assertEquals(AssertEquals.java:150)
	at org.junit.jupiter.api.AssertEquals.assertEquals(AssertEquals.java:145)
	at org.junit.jupiter.api.Assertions.assertEquals(Assertions.java:527)
	at com.sqladaptor.grammar.RedisGrammarTest.testCommand(RedisGrammarTest.java:152)
	at com.sqladaptor.grammar.RedisGrammarTest.testStringCommands(RedisGrammarTest.java:23)
	at java.base/java.lang.reflect.Method.invoke(Method.java:580)
	at java.base/java.util.ArrayList.forEach(ArrayList.java:1596)
	at java.base/java.util.ArrayList.forEach(ArrayList.java:1596)
]]></failure>
  </testcase>
  <testcase name="testListCommands" classname="com.sqladaptor.grammar.RedisGrammarTest" time="0.0">
    <failure message="expected: &lt;3&gt; but was: &lt;0&gt;" type="org.opentest4j.AssertionFailedError"><![CDATA[org.opentest4j.AssertionFailedError: expected: <3> but was: <0>
	at org.junit.jupiter.api.AssertionFailureBuilder.build(AssertionFailureBuilder.java:151)
	at org.junit.jupiter.api.AssertionFailureBuilder.buildAndThrow(AssertionFailureBuilder.java:132)
	at org.junit.jupiter.api.AssertEquals.failNotEqual(AssertEquals.java:197)
	at org.junit.jupiter.api.AssertEquals.assertEquals(AssertEquals.java:150)
	at org.junit.jupiter.api.AssertEquals.assertEquals(AssertEquals.java:145)
	at org.junit.jupiter.api.Assertions.assertEquals(Assertions.java:527)
	at com.sqladaptor.grammar.RedisGrammarTest.testCommand(RedisGrammarTest.java:152)
	at com.sqladaptor.grammar.RedisGrammarTest.testListCommands(RedisGrammarTest.java:55)
	at java.base/java.lang.reflect.Method.invoke(Method.java:580)
	at java.base/java.util.ArrayList.forEach(ArrayList.java:1596)
	at java.base/java.util.ArrayList.forEach(ArrayList.java:1596)
]]></failure>
  </testcase>
  <testcase name="testKeyCommands" classname="com.sqladaptor.grammar.RedisGrammarTest" time="0.0">
    <failure message="expected: &lt;2&gt; but was: &lt;0&gt;" type="org.opentest4j.AssertionFailedError"><![CDATA[org.opentest4j.AssertionFailedError: expected: <2> but was: <0>
	at org.junit.jupiter.api.AssertionFailureBuilder.build(AssertionFailureBuilder.java:151)
	at org.junit.jupiter.api.AssertionFailureBuilder.buildAndThrow(AssertionFailureBuilder.java:132)
	at org.junit.jupiter.api.AssertEquals.failNotEqual(AssertEquals.java:197)
	at org.junit.jupiter.api.AssertEquals.assertEquals(AssertEquals.java:150)
	at org.junit.jupiter.api.AssertEquals.assertEquals(AssertEquals.java:145)
	at org.junit.jupiter.api.Assertions.assertEquals(Assertions.java:527)
	at com.sqladaptor.grammar.RedisGrammarTest.testCommand(RedisGrammarTest.java:152)
	at com.sqladaptor.grammar.RedisGrammarTest.testKeyCommands(RedisGrammarTest.java:83)
	at java.base/java.lang.reflect.Method.invoke(Method.java:580)
	at java.base/java.util.ArrayList.forEach(ArrayList.java:1596)
	at java.base/java.util.ArrayList.forEach(ArrayList.java:1596)
]]></failure>
  </testcase>
</testsuite>